<?xml version="1.0" encoding="UTF-8"?>
<!-- Generated by org.testng.reporters.JUnitReportReporter -->
<testsuite skipped="0" hostname="KISHORZZZZ-PC" name="script.ValidLogin" tests="1" failures="0" timestamp="12 Dec 2018 11:30:23 GMT" time="45.291" errors="0">
  <testcase name="testValidLogin" time="45.291" classname="script.ValidLogin"/>
</testsuite> <!-- script.ValidLogin -->
